================================================================================
СЕССИЯ pdb - ЭЛЕМЕНТ 0
Дата: 2026-06-18 13:13:01.855877
================================================================================

item: {'matrix_a': array([[0.90141411, 0.05472225, 0.54413689, 0.21755058, 0.71042598,
        0.70021299, 0.21594146, 0.03626222, 0.27586206, 0.42549894],
       [0.10324435, 0.80050058, 0.65004268, 0.04700935, 0.536545  ,
        0.60023958, 0.6390492 , 0.48512769, 0.70520868, 0.01681667],
       [0.13252905, 0.84173234, 0.0046228 , 0.76214841, 0.09806837,
        0.76100442, 0.93282245, 0.28882709, 0.15026959, 0.66931204],
       [0.02756964, 0.06595017, 0.26480349, 0.19883419, 0.83841676,
        0.58506933, 0.87129448, 0.84480692, 0.70111662, 0.72543098],
       [0.64281138, 0.55957458, 0.4798323 , 0.48684199, 0.54622473,
        0.07031312, 0.07652869, 0.5693995 , 0.07707018, 0.01544984],
       [0.94454982, 0.84567969, 0.68337324, 0.70060617, 0.76573777,
        0.78708925, 0.90437111, 0.92959713, 0.28732903, 0.44809559],
       [0.57335345, 0.38009476, 0.8702768 , 0.53751234, 0.81979172,
        0.30190914, 0.9450638 , 0.17565647, 0.3980778 , 0.89297276],
       [0.60380758, 0.36399563, 0.26672596, 0.14716272, 0.38566994,
        0.7017141 , 0.81724388, 0.9043125 , 0.30293387, 0.25962638],
       [0.06567513, 0.96083042, 0.7103047 , 0.97128157, 0.55043655,
        0.86631094, 0.13498359, 0.61028192, 0.25841127, 0.54221343],
       [0.75947848, 0.71208585, 0.7989862 , 0.01503283, 0.80041939,
        0.08949246, 0.85908241, 0.65825488, 0.40161928, 0.34047315]]), 'matrix_b': array([[0.88429982, 0.59535364, 0.81885993, 0.39469088, 0.68735767,
        0.91066129, 0.80875292, 0.61300991, 0.83064724, 0.92595565],
       [0.08047263, 0.02060021, 0.72925747, 0.80257665, 0.16449954,
        0.39852321, 0.9721111 , 0.07586997, 0.07311142, 0.47693138],
       [0.72492974, 0.10101084, 0.51174691, 0.30132721, 0.4081927 ,
        0.11728854, 0.95333839, 0.87130036, 0.67273458, 0.53788683],
       [0.49543741, 0.74840151, 0.32874375, 0.61785329, 0.10262544,
        0.03593957, 0.33846374, 0.12983076, 0.68711113, 0.68661937],
       [0.42098422, 0.5603138 , 0.35298721, 0.51413528, 0.67524879,
        0.69702676, 0.0407166 , 0.92341073, 0.23573875, 0.01195853],
       [0.24271448, 0.13113003, 0.1289148 , 0.8065392 , 0.60917183,
        0.33547082, 0.39099439, 0.36425971, 0.34630549, 0.29692554],
       [0.03461745, 0.08582538, 0.20988299, 0.26347997, 0.71860385,
        0.76604258, 0.39100984, 0.01187347, 0.86837053, 0.98084958],
       [0.19850147, 0.15322336, 0.85980024, 0.03146759, 0.06763886,
        0.97850628, 0.47587466, 0.81600138, 0.41694951, 0.938573  ],
       [0.53538141, 0.3150638 , 0.04468364, 0.27908556, 0.42713262,
        0.76434407, 0.92035811, 0.85477167, 0.82491105, 0.05746892],
       [0.86356594, 0.70111528, 0.62566025, 0.2771704 , 0.37265911,
        0.25768019, 0.95942189, 0.8016956 , 0.70468596, 0.49882225]])}
Ключи: ['matrix_a', 'matrix_b']
--------------------------------------------------------------------------------

> c:\users\student\desktop\pr\day12\variant_12_step2.py(73)process_booking_data()
-> breakpoint()  # <--- ТОЧКА ОСТАНОВА
(Pdb) *** SyntaxError: invalid syntax
(Pdb) *** SyntaxError: invalid syntax
(Pdb) *** SyntaxError: invalid syntax
(Pdb) *** SyntaxError: invalid syntax
(Pdb) *** SyntaxError: invalid syntax
(Pdb) *** SyntaxError: invalid syntax
(Pdb) *** SyntaxError: invalid syntax
(Pdb) *** SyntaxError: invalid syntax
(Pdb) *** SyntaxError: invalid syntax
(Pdb) *** SyntaxError: invalid syntax
(Pdb) 